<?xml version="1.0" encoding="UTF-8"?>
<!-- Generated by org.testng.reporters.JUnitReportReporter -->
<testsuite hostname="Prasannas-MacBook-Pro.local" name="com.test.scripts.SDLDwithType" tests="2" failures="0" timestamp="1 Sep 2016 09:23:00 GMT" time="235.416" errors="0">
  <testcase name="OptionAlert" time="64.227" classname="com.test.scripts.SDLDwithType"/>
  <testcase name="SDLDNeedWithType" time="171.189" classname="com.test.scripts.SDLDwithType"/>
</testsuite> <!-- com.test.scripts.SDLDwithType -->
