<?xml version="1.0" encoding="UTF-8"?>
<!-- Generated by org.testng.reporters.JUnitReportReporter -->
<testsuite hostname="Prasannas-MacBook-Pro.local" name="com.test.scripts.Home" tests="2" failures="0" timestamp="1 Sep 2016 10:04:44 GMT" time="731.929" errors="0">
  <testcase name="CityAndPopularCategories" time="687.163" classname="com.test.scripts.Home"/>
  <testcase name="SearchResult" time="44.766" classname="com.test.scripts.Home"/>
</testsuite> <!-- com.test.scripts.Home -->
