<?xml version="1.0" encoding="UTF-8"?>
<!-- Generated by org.testng.reporters.JUnitReportReporter -->
<testsuite hostname="Prasannas-MacBook-Pro.local" name="com.test.scripts.UpdateAccount" tests="3" failures="0" timestamp="1 Sep 2016 09:23:00 GMT" time="404.740" errors="0">
  <testcase name="ChangeUsername" time="88.614" classname="com.test.scripts.UpdateAccount"/>
  <testcase name="ChangeMobNum" time="136.035" classname="com.test.scripts.UpdateAccount"/>
  <testcase name="UpdateMyAccountPageChangePassword" time="180.091" classname="com.test.scripts.UpdateAccount"/>
</testsuite> <!-- com.test.scripts.UpdateAccount -->
