<?xml version="1.0" encoding="UTF-8"?>
<!-- Generated by org.testng.reporters.JUnitReportReporter -->
<testsuite hostname="Prasannas-MacBook-Pro.local" name="com.test.scripts.SDLDWithoutType" tests="4" failures="0" timestamp="1 Sep 2016 09:23:00 GMT" time="467.422" errors="0">
  <testcase name="SubmitWithNeedNameAttribute" time="98.860" classname="com.test.scripts.SDLDWithoutType"/>
  <testcase name="TellUsMore" time="95.111" classname="com.test.scripts.SDLDWithoutType"/>
  <testcase name="TellusMoreFldWithValue" time="149.359" classname="com.test.scripts.SDLDWithoutType"/>
  <testcase name="SubmitWithAdditionalInfoAttribute" time="124.092" classname="com.test.scripts.SDLDWithoutType"/>
</testsuite> <!-- com.test.scripts.SDLDWithoutType -->
