<?xml version="1.0" encoding="UTF-8"?>
<!-- Generated by org.testng.reporters.JUnitReportReporter -->
<testsuite hostname="Prasannas-MacBook-Pro.local" name="com.test.scripts.WelcomePage" tests="4" failures="0" timestamp="1 Sep 2016 09:23:00 GMT" time="608.491" errors="0">
  <testcase name="LocationAlertAndSkipBtn" time="118.300" classname="com.test.scripts.WelcomePage"/>
  <testcase name="NotificationPermissionAlert" time="209.630" classname="com.test.scripts.WelcomePage"/>
  <testcase name="DontAllowLocation" time="90.924" classname="com.test.scripts.WelcomePage"/>
  <testcase name="DontAllowNotification" time="189.637" classname="com.test.scripts.WelcomePage"/>
</testsuite> <!-- com.test.scripts.WelcomePage -->
