<?xml version="1.0" encoding="UTF-8"?>
<!-- Generated by org.testng.reporters.JUnitReportReporter -->
<testsuite hostname="Prasannas-MacBook-Pro.local" name="com.test.scripts.JoinSulekha" tests="6" failures="0" timestamp="1 Sep 2016 09:23:00 GMT" time="783.040" errors="0">
  <testcase name="TermsAndCondition" time="95.083" classname="com.test.scripts.JoinSulekha"/>
  <testcase name="InvalidValidOtp" time="187.186" classname="com.test.scripts.JoinSulekha"/>
  <testcase name="OTPTimeAndResendCode" time="225.524" classname="com.test.scripts.JoinSulekha"/>
  <testcase name="LoginLnk" time="77.192" classname="com.test.scripts.JoinSulekha"/>
  <testcase name="InvalidValidMobileNum" time="115.753" classname="com.test.scripts.JoinSulekha"/>
  <testcase name="SkipLnk" time="82.302" classname="com.test.scripts.JoinSulekha"/>
</testsuite> <!-- com.test.scripts.JoinSulekha -->
