<?xml version="1.0" encoding="UTF-8"?>
<!-- Generated by org.testng.reporters.JUnitReportReporter -->
<testsuite hostname="Prasannas-MacBook-Pro.local" name="com.test.scripts.SampleTest" tests="1" failures="0" timestamp="29 Aug 2016 09:31:00 GMT" time="80.050" errors="0">
  <testcase name="InvalidLogin" time="80.050" classname="com.test.scripts.SampleTest"/>
</testsuite> <!-- com.test.scripts.SampleTest -->
