<?xml version="1.0" encoding="UTF-8"?>
<!-- Generated by org.testng.reporters.JUnitReportReporter -->
<testsuite hostname="Prasannas-MacBook-Pro.local" name="com.test.scripts.BusinessProfile" tests="1" failures="0" timestamp="1 Sep 2016 11:06:37 GMT" time="164.038" errors="0">
  <testcase name="SubmitReview" time="164.038" classname="com.test.scripts.BusinessProfile"/>
</testsuite> <!-- com.test.scripts.BusinessProfile -->
