<?xml version="1.0" encoding="UTF-8"?>
<!-- Generated by org.testng.reporters.JUnitReportReporter -->
<testsuite hostname="RaghuKirans-MacBook-Pro.local" name="com.test.scripts.JoinSulekha" tests="15" failures="0" timestamp="12 Jul 2016 12:39:15 GMT" time="1624.294" errors="0">
  <testcase name="testValidMobileNum" time="80.914" classname="com.test.scripts.JoinSulekha"/>
  <testcase name="testSkipLnk" time="72.099" classname="com.test.scripts.JoinSulekha"/>
  <testcase name="testEditIcon" time="89.552" classname="com.test.scripts.JoinSulekha"/>
  <testcase name="testOtpReceivedSms" time="219.005" classname="com.test.scripts.JoinSulekha"/>
  <testcase name="testOTPTimeLimit" time="197.909" classname="com.test.scripts.JoinSulekha"/>
  <testcase name="testTermsCondition" time="70.958" classname="com.test.scripts.JoinSulekha"/>
  <testcase name="testInvalidOtp" time="89.910" classname="com.test.scripts.JoinSulekha"/>
  <testcase name="testResendCode" time="206.179" classname="com.test.scripts.JoinSulekha"/>
  <testcase name="testLoginLnk" time="75.559" classname="com.test.scripts.JoinSulekha"/>
  <testcase name="testWithoutMobileNum" time="71.190" classname="com.test.scripts.JoinSulekha"/>
  <testcase name="testReceivedOTP" time="96.196" classname="com.test.scripts.JoinSulekha"/>
  <testcase name="testWOVerificationCode" time="93.256" classname="com.test.scripts.JoinSulekha"/>
  <testcase name="test6DigitVerificationCode" time="94.150" classname="com.test.scripts.JoinSulekha"/>
  <testcase name="testTnCBackIcn" time="88.359" classname="com.test.scripts.JoinSulekha"/>
  <testcase name="testInvalidMobileNum" time="79.058" classname="com.test.scripts.JoinSulekha"/>
</testsuite> <!-- com.test.scripts.JoinSulekha -->
